<?xml version="1.0" encoding="UTF-8"?>
<testng-results skipped="0" failed="0" ignored="0" total="1" passed="1">
  <reporter-output>
  </reporter-output>
  <suite name="Suite" duration-ms="14603" started-at="2021-11-30T19:33:27 IST" finished-at="2021-11-30T19:33:41 IST">
    <groups>
    </groups>
    <test name="Test" duration-ms="14603" started-at="2021-11-30T19:33:27 IST" finished-at="2021-11-30T19:33:41 IST">
      <class name="TestActiTime1.TestActiTimeLogin">
        <test-method status="PASS" signature="setPath()[pri:0, instance:TestActiTime1.TestActiTimeLogin@7e0b0338]" name="setPath" is-config="true" duration-ms="26" started-at="2021-11-30T19:33:27 IST" finished-at="2021-11-30T19:33:27 IST">
          <reporter-output>
          </reporter-output>
        </test-method> <!-- setPath -->
        <test-method status="PASS" signature="setUp()[pri:0, instance:TestActiTime1.TestActiTimeLogin@7e0b0338]" name="setUp" is-config="true" duration-ms="5777" started-at="2021-11-30T19:33:27 IST" finished-at="2021-11-30T19:33:32 IST">
          <reporter-output>
          </reporter-output>
        </test-method> <!-- setUp -->
        <test-method status="PASS" signature="loginTest()[pri:0, instance:TestActiTime1.TestActiTimeLogin@7e0b0338]" name="loginTest" duration-ms="5994" started-at="2021-11-30T19:33:32 IST" finished-at="2021-11-30T19:33:38 IST">
          <reporter-output>
          </reporter-output>
        </test-method> <!-- loginTest -->
        <test-method status="PASS" signature="tearDown()[pri:0, instance:TestActiTime1.TestActiTimeLogin@7e0b0338]" name="tearDown" is-config="true" duration-ms="2758" started-at="2021-11-30T19:33:38 IST" finished-at="2021-11-30T19:33:41 IST">
          <reporter-output>
          </reporter-output>
        </test-method> <!-- tearDown -->
      </class> <!-- TestActiTime1.TestActiTimeLogin -->
    </test> <!-- Test -->
  </suite> <!-- Suite -->
</testng-results>
