<?xml version="1.0" encoding="UTF-8"?>
<testng-results skipped="0" failed="0" ignored="0" total="1" passed="1">
  <reporter-output>
  </reporter-output>
  <suite name="Default suite" duration-ms="7486" started-at="2022-09-06T15:10:56 IST" finished-at="2022-09-06T15:11:04 IST">
    <groups>
    </groups>
    <test name="Default test" duration-ms="7486" started-at="2022-09-06T15:10:56 IST" finished-at="2022-09-06T15:11:04 IST">
      <class name="listeners.Demo1">
        <test-method status="PASS" signature="T1()[pri:0, instance:listeners.Demo1@15d0c81b]" name="T1" duration-ms="7416" started-at="2022-09-06T15:10:56 IST" finished-at="2022-09-06T15:11:04 IST">
          <reporter-output>
          </reporter-output>
        </test-method> <!-- T1 -->
      </class> <!-- listeners.Demo1 -->
    </test> <!-- Default test -->
  </suite> <!-- Default suite -->
</testng-results>
